<?xml version="1.0" encoding="UTF-8"?>
<!-- Generated by org.testng.reporters.JUnitXMLReporter -->
<testsuite ignored="4" hostname="agil-5314" failures="0" tests="1" name="Test" time="94.325" errors="0" timestamp="31 Jan 2024 09:14:15 GMT">
  <testcase classname="tests.CartPageTest" name="checkCartwithEmpty" time="6.498"/>
  <testcase classname="pages.BasePage" name="@AfterSuite tearUp" time="0.0">
    <ignored/>
  </testcase> <!-- @AfterSuite tearUp -->
  <testcase classname="pages.BasePage" name="@AfterSuite tearUp" time="0.0">
    <ignored/>
  </testcase> <!-- @AfterSuite tearUp -->
  <testcase classname="pages.BasePage" name="@BeforeSuite setup" time="0.0">
    <ignored/>
  </testcase> <!-- @BeforeSuite setup -->
  <testcase classname="pages.BasePage" name="@BeforeSuite setup" time="0.0">
    <ignored/>
  </testcase> <!-- @BeforeSuite setup -->
</testsuite> <!-- Test -->
