<?xml version="1.0" encoding="UTF-8"?>
<!-- Generated by org.testng.reporters.JUnitXMLReporter -->
<testsuite ignored="4" hostname="agil-5314" failures="0" tests="8" name="Test" time="182.487" errors="0" timestamp="31 Jan 2024 09:18:48 GMT">
  <testcase classname="tests.CartPageTest" name="checkCartwithEmpty" time="6.186"/>
  <testcase classname="tests.CartPageTest" name="checkAddItemToCart" time="96.031"/>
  <testcase classname="tests.CartPageTest" name="checkCart" time="6.263"/>
  <testcase classname="tests.CartPageTest" name="deleteFromCart" time="9.777"/>
  <testcase classname="tests.HomepageTest" name="validatePageURL" time="0.006"/>
  <testcase classname="tests.HomepageTest" name="checkSearchBox" time="0.124"/>
  <testcase classname="tests.searchResultTest" name="checkSearchResult" time="25.59"/>
  <testcase classname="tests.searchResultTest" name="checkLowestandHighestProduct" time="24.352"/>
  <testcase classname="pages.BasePage" name="@AfterSuite tearUp" time="0.0">
    <ignored/>
  </testcase> <!-- @AfterSuite tearUp -->
  <testcase classname="pages.BasePage" name="@AfterSuite tearUp" time="0.0">
    <ignored/>
  </testcase> <!-- @AfterSuite tearUp -->
  <testcase classname="pages.BasePage" name="@BeforeSuite setup" time="0.0">
    <ignored/>
  </testcase> <!-- @BeforeSuite setup -->
  <testcase classname="pages.BasePage" name="@BeforeSuite setup" time="0.0">
    <ignored/>
  </testcase> <!-- @BeforeSuite setup -->
</testsuite> <!-- Test -->
