<?xml version="1.0" encoding="UTF-8"?>
<testng-results ignored="4" total="12" passed="8" failed="0" skipped="0">
  <reporter-output>
  </reporter-output>
  <suite started-at="2024-01-31T09:15:46Z" name="Suite" finished-at="2024-01-31T09:18:48Z" duration-ms="182487">
    <groups>
    </groups>
    <test started-at="2024-01-31T09:15:46Z" name="Test" finished-at="2024-01-31T09:18:48Z" duration-ms="182487">
      <class name="tests.HomepageTest">
        <test-method is-config="true" signature="start()[pri:0, instance:tests.HomepageTest@5b3f61ff]" started-at="2024-01-31T09:17:52Z" name="start" finished-at="2024-01-31T09:17:53Z" duration-ms="1510" status="PASS">
          <reporter-output>
          </reporter-output>
        </test-method> <!-- start -->
        <test-method signature="validatePageURL()[pri:5, instance:tests.HomepageTest@5b3f61ff]" started-at="2024-01-31T09:17:53Z" name="validatePageURL" finished-at="2024-01-31T09:17:53Z" duration-ms="6" status="PASS">
          <reporter-output>
          </reporter-output>
        </test-method> <!-- validatePageURL -->
        <test-method is-config="true" signature="start()[pri:0, instance:tests.HomepageTest@5b3f61ff]" started-at="2024-01-31T09:17:53Z" name="start" finished-at="2024-01-31T09:17:54Z" duration-ms="1318" status="PASS">
          <reporter-output>
          </reporter-output>
        </test-method> <!-- start -->
        <test-method signature="checkSearchBox()[pri:6, instance:tests.HomepageTest@5b3f61ff]" started-at="2024-01-31T09:17:54Z" name="checkSearchBox" finished-at="2024-01-31T09:17:55Z" duration-ms="124" status="PASS">
          <reporter-output>
          </reporter-output>
        </test-method> <!-- checkSearchBox -->
      </class> <!-- tests.HomepageTest -->
      <class name="tests.CartPageTest">
        <test-method is-config="true" signature="setup()[pri:0, instance:tests.CartPageTest@14fa86ae]" started-at="2024-01-31T09:15:45Z" name="setup" finished-at="2024-01-31T09:15:46Z" duration-ms="643" status="PASS">
          <reporter-output>
          </reporter-output>
        </test-method> <!-- setup -->
        <test-method is-config="true" signature="start()[pri:0, instance:tests.CartPageTest@14fa86ae]" started-at="2024-01-31T09:15:46Z" name="start" finished-at="2024-01-31T09:15:48Z" duration-ms="2287" status="PASS">
          <reporter-output>
          </reporter-output>
        </test-method> <!-- start -->
        <test-method signature="checkCartwithEmpty()[pri:1, instance:tests.CartPageTest@14fa86ae]" started-at="2024-01-31T09:15:48Z" name="checkCartwithEmpty" finished-at="2024-01-31T09:15:54Z" duration-ms="6186" status="PASS">
          <reporter-output>
          </reporter-output>
        </test-method> <!-- checkCartwithEmpty -->
        <test-method is-config="true" signature="start()[pri:0, instance:tests.CartPageTest@14fa86ae]" started-at="2024-01-31T09:15:54Z" name="start" finished-at="2024-01-31T09:15:56Z" duration-ms="1398" status="PASS">
          <reporter-output>
          </reporter-output>
        </test-method> <!-- start -->
        <test-method signature="checkAddItemToCart()[pri:2, instance:tests.CartPageTest@14fa86ae]" started-at="2024-01-31T09:15:56Z" name="checkAddItemToCart" finished-at="2024-01-31T09:17:32Z" duration-ms="96031" status="PASS">
          <reporter-output>
          </reporter-output>
        </test-method> <!-- checkAddItemToCart -->
        <test-method is-config="true" signature="start()[pri:0, instance:tests.CartPageTest@14fa86ae]" started-at="2024-01-31T09:17:32Z" name="start" finished-at="2024-01-31T09:17:33Z" duration-ms="1715" status="PASS">
          <reporter-output>
          </reporter-output>
        </test-method> <!-- start -->
        <test-method signature="checkCart()[pri:3, instance:tests.CartPageTest@14fa86ae]" started-at="2024-01-31T09:17:33Z" name="checkCart" finished-at="2024-01-31T09:17:40Z" duration-ms="6263" status="PASS">
          <reporter-output>
          </reporter-output>
        </test-method> <!-- checkCart -->
        <test-method is-config="true" signature="start()[pri:0, instance:tests.CartPageTest@14fa86ae]" started-at="2024-01-31T09:17:40Z" name="start" finished-at="2024-01-31T09:17:42Z" duration-ms="2262" status="PASS">
          <reporter-output>
          </reporter-output>
        </test-method> <!-- start -->
        <test-method signature="deleteFromCart()[pri:4, instance:tests.CartPageTest@14fa86ae]" started-at="2024-01-31T09:17:42Z" name="deleteFromCart" finished-at="2024-01-31T09:17:52Z" duration-ms="9777" status="PASS">
          <reporter-output>
          </reporter-output>
        </test-method> <!-- deleteFromCart -->
        <test-method is-config="true" signature="tearUp()[pri:0, instance:tests.CartPageTest@14fa86ae]" started-at="2024-01-31T09:18:48Z" name="tearUp" finished-at="2024-01-31T09:18:48Z" duration-ms="101" status="PASS">
          <reporter-output>
          </reporter-output>
        </test-method> <!-- tearUp -->
      </class> <!-- tests.CartPageTest -->
      <class name="tests.searchResultTest">
        <test-method is-config="true" signature="start()[pri:0, instance:tests.searchResultTest@3e2059ae]" started-at="2024-01-31T09:17:55Z" name="start" finished-at="2024-01-31T09:17:57Z" duration-ms="2247" status="PASS">
          <reporter-output>
          </reporter-output>
        </test-method> <!-- start -->
        <test-method signature="checkSearchResult()[pri:7, instance:tests.searchResultTest@3e2059ae]" started-at="2024-01-31T09:17:57Z" name="checkSearchResult" finished-at="2024-01-31T09:18:22Z" duration-ms="25590" status="PASS">
          <reporter-output>
          </reporter-output>
        </test-method> <!-- checkSearchResult -->
        <test-method is-config="true" signature="start()[pri:0, instance:tests.searchResultTest@3e2059ae]" started-at="2024-01-31T09:18:22Z" name="start" finished-at="2024-01-31T09:18:24Z" duration-ms="1405" status="PASS">
          <reporter-output>
          </reporter-output>
        </test-method> <!-- start -->
        <test-method signature="checkLowestandHighestProduct()[pri:8, instance:tests.searchResultTest@3e2059ae]" started-at="2024-01-31T09:18:24Z" name="checkLowestandHighestProduct" finished-at="2024-01-31T09:18:48Z" duration-ms="24352" status="PASS">
          <reporter-output>
          </reporter-output>
        </test-method> <!-- checkLowestandHighestProduct -->
      </class> <!-- tests.searchResultTest -->
    </test> <!-- Test -->
  </suite> <!-- Suite -->
</testng-results>
