<?xml version="1.0" encoding="UTF-8"?>
<testsuite xmlns:xsi="http://www.w3.org/2001/XMLSchema-instance" xsi:schemaLocation="https://maven.apache.org/surefire/maven-surefire-plugin/xsd/surefire-test-report.xsd" name="TestSuite" time="183.919" tests="8" errors="0" skipped="0" failures="0">
  <properties>
[...]
</properties>
  <testcase name="checkCartwithEmpty" classname="tests.CartPageTest" time="6.185"/>
  <testcase name="checkAddItemToCart" classname="tests.CartPageTest" time="96.031"/>
  <testcase name="checkCart" classname="tests.CartPageTest" time="6.263"/>
  <testcase name="deleteFromCart" classname="tests.CartPageTest" time="9.778"/>
  <testcase name="validatePageURL" classname="tests.HomepageTest" time="0.007"/>
  <testcase name="checkSearchBox" classname="tests.HomepageTest" time="0.124"/>
  <testcase name="checkSearchResult" classname="tests.searchResultTest" time="25.59"/>
  <testcase name="checkLowestandHighestProduct" classname="tests.searchResultTest" time="24.353"/>
</testsuite>