<?xml version="1.0" encoding="UTF-8"?>
<testng-results ignored="0" total="2" passed="2" failed="0" skipped="0">
  <reporter-output>
  </reporter-output>
  <suite started-at="2024-01-31T09:14:29Z" name="Default suite" finished-at="2024-01-31T09:15:13Z" duration-ms="43249">
    <groups>
    </groups>
    <test started-at="2024-01-31T09:14:29Z" name="Default test" finished-at="2024-01-31T09:15:13Z" duration-ms="43249">
      <class name="tests.searchResultTest">
        <test-method is-config="true" signature="setup()[pri:0, instance:tests.searchResultTest@67d18ed7]" started-at="2024-01-31T09:14:29Z" name="setup" finished-at="2024-01-31T09:14:29Z" duration-ms="663" status="PASS">
          <reporter-output>
          </reporter-output>
        </test-method> <!-- setup -->
        <test-method is-config="true" signature="start()[pri:0, instance:tests.searchResultTest@67d18ed7]" started-at="2024-01-31T09:14:29Z" name="start" finished-at="2024-01-31T09:14:33Z" duration-ms="3491" status="PASS">
          <reporter-output>
          </reporter-output>
        </test-method> <!-- start -->
        <test-method signature="checkSearchResult()[pri:7, instance:tests.searchResultTest@67d18ed7]" started-at="2024-01-31T09:14:33Z" name="checkSearchResult" finished-at="2024-01-31T09:14:49Z" duration-ms="15755" status="PASS">
          <reporter-output>
          </reporter-output>
        </test-method> <!-- checkSearchResult -->
        <test-method is-config="true" signature="start()[pri:0, instance:tests.searchResultTest@67d18ed7]" started-at="2024-01-31T09:14:49Z" name="start" finished-at="2024-01-31T09:14:50Z" duration-ms="1067" status="PASS">
          <reporter-output>
          </reporter-output>
        </test-method> <!-- start -->
        <test-method signature="checkLowestandHighestProduct()[pri:8, instance:tests.searchResultTest@67d18ed7]" started-at="2024-01-31T09:14:50Z" name="checkLowestandHighestProduct" finished-at="2024-01-31T09:15:13Z" duration-ms="22927" status="PASS">
          <reporter-output>
          </reporter-output>
        </test-method> <!-- checkLowestandHighestProduct -->
        <test-method is-config="true" signature="tearUp()[pri:0, instance:tests.searchResultTest@67d18ed7]" started-at="2024-01-31T09:15:13Z" name="tearUp" finished-at="2024-01-31T09:15:13Z" duration-ms="82" status="PASS">
          <reporter-output>
          </reporter-output>
        </test-method> <!-- tearUp -->
      </class> <!-- tests.searchResultTest -->
    </test> <!-- Default test -->
  </suite> <!-- Default suite -->
</testng-results>
